URL: /favicon.ico
Timestamp: 2-March-2024

URL: /
Timestamp: 2-March-2024

URL: /
Timestamp: 2-March-2024

URL: /favicon.ico
Timestamp: 2-March-2024

URL: /index
Timestamp: 18:40:46.455

URL: /favicon.ico
Timestamp: 18:40:46.506

URL: /index?whatIsThis
Timestamp: 18:41:38.138

URL: /favicon.ico
Timestamp: 18:41:38.189

URL: /index?whatIsThis
Timestamp: 18:48:20.456

URL: /favicon.ico
Timestamp: 18:48:20.480

URL: /index?whatIsThis
Timestamp: 18:48:53.4

URL: /css/darkTheme.css
Timestamp: 18:48:53.88

URL: /favicon.ico
Timestamp: 18:48:53.131

URL: /documentation
Timestamp: 18:49:7.431

URL: /css/darkTheme.css
Timestamp: 18:49:7.471

URL: /favicon.ico
Timestamp: 18:49:7.484

URL: /css/darkTheme.css
Timestamp: 18:52:31.377

URL: /documentation.html
Timestamp: 19:9:25.766

URL: /documentation.html
Timestamp: 19:9:25.804

URL: /documentation.html
Timestamp: 19:10:43.383

URL: /css/darkTheme.css
Timestamp: 19:10:43.458

URL: /favicon.ico
Timestamp: 19:10:43.499

URL: /documentation.html
Timestamp: 19:13:34.252

URL: /css/darkTheme.css
Timestamp: 19:13:34.282

URL: /favicon.ico
Timestamp: 19:13:34.300

URL: /documentation.html
Timestamp: 19:15:55.751

URL: /documentation.html
Timestamp: 19:17:21.494

URL: /favicon.ico
Timestamp: 19:17:21.598

URL: /documentation.html
Timestamp: 19:23:56.667

URL: /css/darkTheme.css
Timestamp: 19:23:56.728

URL: /favicon.ico
Timestamp: 19:23:56.755

URL: /documentation.html
Timestamp: 19:25:9.460

URL: /css/darkTheme.css
Timestamp: 19:25:9.503

URL: /js/script.js
Timestamp: 19:25:9.507

URL: /favicon.ico
Timestamp: 19:25:9.609

URL: /documentation.html
Timestamp: 19:25:33.743

URL: /css/darkTheme.css
Timestamp: 19:25:33.765

URL: /js/script.js
Timestamp: 19:25:33.768

URL: /favicon.ico
Timestamp: 19:25:35.699

